\BOOKMARK [0][-]{chapter.1}{Introduction}{}% 1
\BOOKMARK [1][-]{section.1.1}{Objectives}{chapter.1}% 2
\BOOKMARK [1][-]{section.1.2}{Structure of the written dissertation}{chapter.1}% 3
\BOOKMARK [0][-]{chapter.2}{State of the Art}{}% 4
\BOOKMARK [1][-]{section.2.1}{Premises}{chapter.2}% 5
\BOOKMARK [1][-]{section.2.2}{The Advent of Split Menu}{chapter.2}% 6
\BOOKMARK [1][-]{section.2.3}{Adaptive vs. Adaptable approach}{chapter.2}% 7
\BOOKMARK [1][-]{section.2.4}{Responsive menus}{chapter.2}% 8
\BOOKMARK [1][-]{section.2.5}{Learning outcomes}{chapter.2}% 9
\BOOKMARK [0][-]{chapter.3}{Methodology}{}% 10
\BOOKMARK [1][-]{section.3.1}{Hypotheses}{chapter.3}% 11
\BOOKMARK [1][-]{section.3.2}{Experimental method}{chapter.3}% 12
\BOOKMARK [2][-]{subsection.3.2.1}{Test protocol}{section.3.2}% 13
\BOOKMARK [2][-]{subsection.3.2.2}{Items}{section.3.2}% 14
\BOOKMARK [2][-]{subsection.3.2.3}{Control condition menu}{section.3.2}% 15
\BOOKMARK [2][-]{subsection.3.2.4}{Split menu}{section.3.2}% 16
\BOOKMARK [2][-]{subsection.3.2.5}{Minimised menu}{section.3.2}% 17
\BOOKMARK [2][-]{subsection.3.2.6}{Responsive menu}{section.3.2}% 18
\BOOKMARK [2][-]{subsection.3.2.7}{Mixed-initiative menus}{section.3.2}% 19
\BOOKMARK [1][-]{section.3.3}{Implementation}{chapter.3}% 20
\BOOKMARK [2][-]{subsection.3.3.1}{Application architecture}{section.3.3}% 21
\BOOKMARK [2][-]{subsection.3.3.2}{Activities}{section.3.3}% 22
\BOOKMARK [0][-]{chapter.4}{Results}{}% 23
\BOOKMARK [1][-]{section.4.1}{Participants}{chapter.4}% 24
\BOOKMARK [1][-]{section.4.2}{Effectiveness}{chapter.4}% 25
\BOOKMARK [1][-]{section.4.3}{Efficiency}{chapter.4}% 26
\BOOKMARK [1][-]{section.4.4}{Satisfaction}{chapter.4}% 27
\BOOKMARK [1][-]{section.4.5}{Confirming, reversing and updating hypotheses}{chapter.4}% 28
\BOOKMARK [2][-]{subsection.4.5.1}{Hypotheses and usability}{section.4.5}% 29
\BOOKMARK [2][-]{subsection.4.5.2}{Split menu}{section.4.5}% 30
\BOOKMARK [2][-]{subsection.4.5.3}{Minimised menu}{section.4.5}% 31
\BOOKMARK [2][-]{subsection.4.5.4}{Responsive menu}{section.4.5}% 32
\BOOKMARK [2][-]{subsection.4.5.5}{Novice and master users}{section.4.5}% 33
\BOOKMARK [2][-]{subsection.4.5.6}{Guidance informations and period of adjustment}{section.4.5}% 34
\BOOKMARK [2][-]{subsection.4.5.7}{Mixed-initiative menus}{section.4.5}% 35
\BOOKMARK [0][-]{chapter.5}{Conclusion}{}% 36
\BOOKMARK [1][-]{section.5.1}{Further}{chapter.5}% 37
\BOOKMARK [0][-]{chapter.6}{Abbreviations}{}% 38
\BOOKMARK [0][-]{chapter*.34}{Bibliography}{}% 39
\BOOKMARK [0][-]{appendix.A}{Survey}{}% 40
\BOOKMARK [0][-]{appendix.B}{Application UI}{}% 41
\BOOKMARK [0][-]{appendix.C}{Get the app \(How to\)}{}% 42
